<?xml version="1.0" encoding="UTF-8"?>
<testsuite name="com.example.toyblog.ToyBlogApplicationTests" tests="1" skipped="0" failures="0" errors="0" timestamp="2024-01-20T15:46:47" hostname="LAPTOP-GNG1OPQ0" time="0.416">
  <properties/>
  <testcase name="contextLoads()" classname="com.example.toyblog.ToyBlogApplicationTests" time="0.416"/>
  <system-out><![CDATA[00:46:28.745 [Test worker] DEBUG org.springframework.test.context.BootstrapUtils - Instantiating CacheAwareContextLoaderDelegate from class [org.springframework.test.context.cache.DefaultCacheAwareContextLoaderDelegate]
00:46:28.777 [Test worker] DEBUG org.springframework.test.context.BootstrapUtils - Instantiating BootstrapContext using constructor [public org.springframework.test.context.support.DefaultBootstrapContext(java.lang.Class,org.springframework.test.context.CacheAwareContextLoaderDelegate)]
00:46:28.869 [Test worker] DEBUG org.springframework.test.context.BootstrapUtils - Instantiating TestContextBootstrapper for test class [com.example.toyblog.ToyBlogApplicationTests] from class [org.springframework.boot.test.context.SpringBootTestContextBootstrapper]
00:46:28.899 [Test worker] INFO org.springframework.boot.test.context.SpringBootTestContextBootstrapper - Neither @ContextConfiguration nor @ContextHierarchy found for test class [com.example.toyblog.ToyBlogApplicationTests], using SpringBootContextLoader
00:46:28.911 [Test worker] DEBUG org.springframework.test.context.support.AbstractContextLoader - Did not detect default resource location for test class [com.example.toyblog.ToyBlogApplicationTests]: class path resource [com/example/toyblog/ToyBlogApplicationTests-context.xml] does not exist
00:46:28.912 [Test worker] DEBUG org.springframework.test.context.support.AbstractContextLoader - Did not detect default resource location for test class [com.example.toyblog.ToyBlogApplicationTests]: class path resource [com/example/toyblog/ToyBlogApplicationTestsContext.groovy] does not exist
00:46:28.913 [Test worker] INFO org.springframework.test.context.support.AbstractContextLoader - Could not detect default resource locations for test class [com.example.toyblog.ToyBlogApplicationTests]: no resource found for suffixes {-context.xml, Context.groovy}.
00:46:28.914 [Test worker] INFO org.springframework.test.context.support.AnnotationConfigContextLoaderUtils - Could not detect default configuration classes for test class [com.example.toyblog.ToyBlogApplicationTests]: ToyBlogApplicationTests does not declare any static, non-private, non-final, nested classes annotated with @Configuration.
00:46:29.035 [Test worker] DEBUG org.springframework.test.context.support.ActiveProfilesUtils - Could not find an 'annotation declaring class' for annotation type [org.springframework.test.context.ActiveProfiles] and class [com.example.toyblog.ToyBlogApplicationTests]
00:46:29.206 [Test worker] DEBUG org.springframework.context.annotation.ClassPathScanningCandidateComponentProvider - Identified candidate component class: file [C:\100_toyProject\backend-springboot\ToyBlog\build\classes\java\main\com\example\toyblog\ToyBlogApplication.class]
00:46:29.208 [Test worker] INFO org.springframework.boot.test.context.SpringBootTestContextBootstrapper - Found @SpringBootConfiguration com.example.toyblog.ToyBlogApplication for test class com.example.toyblog.ToyBlogApplicationTests
00:46:29.527 [Test worker] DEBUG org.springframework.boot.test.context.SpringBootTestContextBootstrapper - @TestExecutionListeners is not present for class [com.example.toyblog.ToyBlogApplicationTests]: using defaults.
00:46:29.528 [Test worker] INFO org.springframework.boot.test.context.SpringBootTestContextBootstrapper - Loaded default TestExecutionListener class names from location [META-INF/spring.factories]: [org.springframework.security.test.context.support.WithSecurityContextTestExecutionListener, org.springframework.security.test.context.support.ReactorContextTestExecutionListener, org.springframework.boot.test.autoconfigure.restdocs.RestDocsTestExecutionListener, org.springframework.boot.test.autoconfigure.web.client.MockRestServiceServerResetTestExecutionListener, org.springframework.boot.test.autoconfigure.web.servlet.MockMvcPrintOnlyOnFailureTestExecutionListener, org.springframework.boot.test.autoconfigure.web.servlet.WebDriverTestExecutionListener, org.springframework.boot.test.autoconfigure.webservices.client.MockWebServiceServerTestExecutionListener, org.springframework.boot.test.mock.mockito.MockitoTestExecutionListener, org.springframework.boot.test.mock.mockito.ResetMocksTestExecutionListener, org.springframework.test.context.web.ServletTestExecutionListener, org.springframework.test.context.support.DirtiesContextBeforeModesTestExecutionListener, org.springframework.test.context.event.ApplicationEventsTestExecutionListener, org.springframework.test.context.support.DependencyInjectionTestExecutionListener, org.springframework.test.context.support.DirtiesContextTestExecutionListener, org.springframework.test.context.transaction.TransactionalTestExecutionListener, org.springframework.test.context.jdbc.SqlScriptsTestExecutionListener, org.springframework.test.context.event.EventPublishingTestExecutionListener]
00:46:29.585 [Test worker] INFO org.springframework.boot.test.context.SpringBootTestContextBootstrapper - Using TestExecutionListeners: [org.springframework.test.context.web.ServletTestExecutionListener@18e8473e, org.springframework.test.context.support.DirtiesContextBeforeModesTestExecutionListener@5a2f016d, org.springframework.test.context.event.ApplicationEventsTestExecutionListener@1a38ba58, org.springframework.boot.test.mock.mockito.MockitoTestExecutionListener@3ad394e6, org.springframework.boot.test.autoconfigure.SpringBootDependencyInjectionTestExecutionListener@6058e535, org.springframework.test.context.support.DirtiesContextTestExecutionListener@42deb43a, org.springframework.test.context.transaction.TransactionalTestExecutionListener@1deb2c43, org.springframework.test.context.jdbc.SqlScriptsTestExecutionListener@3bb9efbc, org.springframework.security.test.context.support.WithSecurityContextTestExecutionListener@1cefc4b3, org.springframework.test.context.event.EventPublishingTestExecutionListener@2b27cc70, org.springframework.security.test.context.support.ReactorContextTestExecutionListener@6f6a7463, org.springframework.boot.test.autoconfigure.restdocs.RestDocsTestExecutionListener@1bdaa23d, org.springframework.boot.test.autoconfigure.web.client.MockRestServiceServerResetTestExecutionListener@79f227a9, org.springframework.boot.test.autoconfigure.web.servlet.MockMvcPrintOnlyOnFailureTestExecutionListener@6ca320ab, org.springframework.boot.test.autoconfigure.web.servlet.WebDriverTestExecutionListener@50d68830, org.springframework.boot.test.autoconfigure.webservices.client.MockWebServiceServerTestExecutionListener@1e53135d, org.springframework.boot.test.mock.mockito.ResetMocksTestExecutionListener@7674a051]
00:46:29.596 [Test worker] DEBUG org.springframework.test.context.support.AbstractDirtiesContextTestExecutionListener - Before test class: context [DefaultTestContext@7dd712e8 testClass = ToyBlogApplicationTests, testInstance = [null], testMethod = [null], testException = [null], mergedContextConfiguration = [WebMergedContextConfiguration@2c282004 testClass = ToyBlogApplicationTests, locations = '{}', classes = '{class com.example.toyblog.ToyBlogApplication}', contextInitializerClasses = '[]', activeProfiles = '{}', propertySourceLocations = '{}', propertySourceProperties = '{org.springframework.boot.test.context.SpringBootTestContextBootstrapper=true}', contextCustomizers = set[org.springframework.boot.test.autoconfigure.actuate.metrics.MetricsExportContextCustomizerFactory$DisableMetricExportContextCustomizer@338494fa, org.springframework.boot.test.autoconfigure.properties.PropertyMappingContextCustomizer@0, org.springframework.boot.test.autoconfigure.web.servlet.WebDriverContextCustomizerFactory$Customizer@3b77a04f, org.springframework.boot.test.context.filter.ExcludeFilterContextCustomizer@fd8294b, org.springframework.boot.test.json.DuplicateJsonObjectContextCustomizerFactory$DuplicateJsonObjectContextCustomizer@6f8f9349, org.springframework.boot.test.mock.mockito.MockitoContextCustomizer@0, org.springframework.boot.test.web.client.TestRestTemplateContextCustomizer@40f1be1b, org.springframework.boot.test.context.SpringBootTestArgs@1, org.springframework.boot.test.context.SpringBootTestWebEnvironment@51a9ad5e], resourceBasePath = 'src/main/webapp', contextLoader = 'org.springframework.boot.test.context.SpringBootContextLoader', parent = [null]], attributes = map['org.springframework.test.context.web.ServletTestExecutionListener.activateListener' -> true]], class annotated with @DirtiesContext [false] with mode [null].
00:46:30,764 |-INFO in ch.qos.logback.core.joran.action.AppenderAction - About to instantiate appender of type [ch.qos.logback.core.ConsoleAppender]
00:46:30,764 |-INFO in ch.qos.logback.core.joran.action.AppenderAction - Naming appender as [console]
00:46:30,777 |-INFO in ch.qos.logback.core.joran.action.NestedComplexPropertyIA - Assuming default type [ch.qos.logback.classic.encoder.PatternLayoutEncoder] for [encoder] property
00:46:30,827 |-INFO in ch.qos.logback.core.joran.action.AppenderAction - About to instantiate appender of type [ch.qos.logback.core.ConsoleAppender]
00:46:30,827 |-INFO in ch.qos.logback.core.joran.action.AppenderAction - Naming appender as [console-infolog]
00:46:30,828 |-INFO in ch.qos.logback.core.joran.action.NestedComplexPropertyIA - Assuming default type [ch.qos.logback.classic.encoder.PatternLayoutEncoder] for [encoder] property
00:46:30,829 |-INFO in ch.qos.logback.classic.joran.action.LoggerAction - Setting level of logger [com.example.toyblog] to DEBUG
00:46:30,830 |-INFO in ch.qos.logback.classic.jul.LevelChangePropagator@14dc3f89 - Propagating DEBUG level on Logger[com.example.toyblog] onto the JUL framework
00:46:30,832 |-INFO in ch.qos.logback.classic.joran.action.LoggerAction - Setting level of logger [jdbc.sqlonly] to INFO
00:46:30,832 |-INFO in ch.qos.logback.classic.jul.LevelChangePropagator@14dc3f89 - Propagating INFO level on Logger[jdbc.sqlonly] onto the JUL framework
00:46:30,833 |-INFO in ch.qos.logback.classic.joran.action.LoggerAction - Setting level of logger [jdbc.resultsettable] to INFO
00:46:30,837 |-INFO in ch.qos.logback.classic.jul.LevelChangePropagator@14dc3f89 - Propagating INFO level on Logger[jdbc.resultsettable] onto the JUL framework
00:46:30,838 |-INFO in ch.qos.logback.classic.joran.action.RootLoggerAction - Setting level of ROOT logger to OFF
00:46:30,838 |-INFO in ch.qos.logback.classic.jul.LevelChangePropagator@14dc3f89 - Propagating OFF level on Logger[ROOT] onto the JUL framework
00:46:30,840 |-INFO in ch.qos.logback.core.joran.action.AppenderRefAction - Attaching appender named [console] to Logger[ROOT]
00:46:30,840 |-INFO in ch.qos.logback.classic.joran.action.ConfigurationAction - End of configuration.
00:46:30,840 |-INFO in org.springframework.boot.logging.logback.SpringBootJoranConfigurator@72ee5d84 - Registering current configuration as safe fallback point

  .   ____          _            __ _ _
 /\\ / ___'_ __ _ _(_)_ __  __ _ \ \ \ \
( ( )\___ | '_ | '_| | '_ \/ _` | \ \ \ \
 \\/  ___)| |_)| | | | | || (_| |  ) ) ) )
  '  |____| .__|_| |_|_| |_\__, | / / / /
 =========|_|==============|___/=/_/_/_/
 :: Spring Boot ::               (v2.7.17)

2024-01-21 00:46:31,044  INFO [com.example.toyblog.ToyBlogApplicationTests] Starting ToyBlogApplicationTests using Java 11.0.20.1 on LAPTOP-GNG1OPQ0 with PID 4516 (started by dhlee in C:\100_toyProject\backend-springboot\ToyBlog)
2024-01-21 00:46:31,046 DEBUG [com.example.toyblog.ToyBlogApplicationTests] Running with Spring Boot v2.7.17, Spring v5.3.30
2024-01-21 00:46:31,048  INFO [com.example.toyblog.ToyBlogApplicationTests] No active profile set, falling back to 1 default profile: "default"
Hibernate: 
    
    alter table Board 
       drop 
       foreign key FKnwfsptg8pbhl5hnphivfydtpy
Hibernate: 
    
    alter table Reply 
       drop 
       foreign key FKayalcledc3l0g5lt1balg0jwf
Hibernate: 
    
    alter table Reply 
       drop 
       foreign key FKqnspgy412rv4dfcmv69hsf4px
Hibernate: 
    
    drop table if exists Board
Hibernate: 
    
    drop table if exists Reply
Hibernate: 
    
    drop table if exists User
Hibernate: 
    
    create table Board (
       id integer not null auto_increment,
        content longtext,
        count integer default 0 not null,
        creteDate datetime(6),
        title varchar(100) not null,
        userId integer,
        primary key (id)
    ) engine=InnoDB
Hibernate: 
    
    create table Reply (
       id integer not null auto_increment,
        content varchar(200) not null,
        creteDate datetime(6),
        boardId integer,
        userId integer,
        primary key (id)
    ) engine=InnoDB
Hibernate: 
    
    create table User (
       id integer not null auto_increment,
        creteDate datetime(6),
        email varchar(50) not null,
        password varchar(100) not null,
        role varchar(255),
        username varchar(30) not null,
        primary key (id)
    ) engine=InnoDB
Hibernate: 
    
    alter table User 
       add constraint UK_jreodf78a7pl5qidfh43axdfb unique (username)
Hibernate: 
    
    alter table Board 
       add constraint FKnwfsptg8pbhl5hnphivfydtpy 
       foreign key (userId) 
       references User (id)
Hibernate: 
    
    alter table Reply 
       add constraint FKayalcledc3l0g5lt1balg0jwf 
       foreign key (boardId) 
       references Board (id)
Hibernate: 
    
    alter table Reply 
       add constraint FKqnspgy412rv4dfcmv69hsf4px 
       foreign key (userId) 
       references User (id)
2024-01-21 00:46:46,988  INFO [com.example.toyblog.ToyBlogApplicationTests] Started ToyBlogApplicationTests in 17.301 seconds (JVM running for 23.259)
]]></system-out>
  <system-err><![CDATA[]]></system-err>
</testsuite>
